{"/home/nineleaps/Documents/react-native/stock-market-app/StockMarket/src/assets/pic2.jpg": {"path":"/home/nineleaps/Documents/react-native/stock-market-app/StockMarket/src/assets/pic2.jpg","statementMap":{"0":{"start":{"line":1,"column":0},"end":{"line":4,"column":6}}},"fnMap":{},"branchMap":{},"s":{"0":1},"f":{},"b":{},"_coverageSchema":"43e27e138ebf9cfc5966b082cf9a028302ed4184","hash":"620d5d8606b6d2ef6b2e45e23c1d200f01b6fc16"}
,"/home/nineleaps/Documents/react-native/stock-market-app/StockMarket/src/containers/BottomPannelContainer.tsx": {"path":"/home/nineleaps/Documents/react-native/stock-market-app/StockMarket/src/containers/BottomPannelContainer.tsx","statementMap":{"0":{"start":{"line":13,"column":8},"end":{"line":13,"column":21}},"1":{"start":{"line":14,"column":8},"end":{"line":17,"column":9}},"2":{"start":{"line":20,"column":8},"end":{"line":31,"column":15}},"3":{"start":{"line":22,"column":16},"end":{"line":29,"column":19}},"4":{"start":{"line":24,"column":24},"end":{"line":24,"column":49}},"5":{"start":{"line":27,"column":24},"end":{"line":27,"column":50}},"6":{"start":{"line":35,"column":21},"end":{"line":40,"column":9}},"7":{"start":{"line":42,"column":28},"end":{"line":42,"column":58}},"8":{"start":{"line":43,"column":28},"end":{"line":48,"column":9}},"9":{"start":{"line":46,"column":36},"end":{"line":46,"column":68}},"10":{"start":{"line":50,"column":8},"end":{"line":61,"column":9}},"11":{"start":{"line":65,"column":15},"end":{"line":74,"column":2}}},"fnMap":{"0":{"name":"(anonymous_0)","decl":{"start":{"line":12,"column":4},"end":{"line":12,"column":5}},"loc":{"start":{"line":12,"column":28},"end":{"line":18,"column":5}},"line":12},"1":{"name":"(anonymous_1)","decl":{"start":{"line":19,"column":4},"end":{"line":19,"column":5}},"loc":{"start":{"line":19,"column":23},"end":{"line":32,"column":5}},"line":19},"2":{"name":"(anonymous_2)","decl":{"start":{"line":21,"column":18},"end":{"line":21,"column":19}},"loc":{"start":{"line":21,"column":27},"end":{"line":31,"column":13}},"line":21},"3":{"name":"(anonymous_3)","decl":{"start":{"line":23,"column":52},"end":{"line":23,"column":53}},"loc":{"start":{"line":23,"column":68},"end":{"line":25,"column":21}},"line":23},"4":{"name":"(anonymous_4)","decl":{"start":{"line":26,"column":53},"end":{"line":26,"column":54}},"loc":{"start":{"line":26,"column":69},"end":{"line":28,"column":21}},"line":26},"5":{"name":"(anonymous_5)","decl":{"start":{"line":34,"column":4},"end":{"line":34,"column":5}},"loc":{"start":{"line":34,"column":14},"end":{"line":62,"column":5}},"line":34},"6":{"name":"(anonymous_6)","decl":{"start":{"line":46,"column":19},"end":{"line":46,"column":20}},"loc":{"start":{"line":46,"column":36},"end":{"line":46,"column":68}},"line":46}},"branchMap":{"0":{"loc":{"start":{"line":46,"column":20},"end":{"line":46,"column":31}},"type":"default-arg","locations":[{"start":{"line":46,"column":30},"end":{"line":46,"column":31}}],"line":46}},"s":{"0":3,"1":3,"2":3,"3":0,"4":0,"5":0,"6":3,"7":3,"8":3,"9":20,"10":3,"11":2},"f":{"0":3,"1":3,"2":0,"3":0,"4":0,"5":3,"6":20},"b":{"0":[4]},"_coverageSchema":"43e27e138ebf9cfc5966b082cf9a028302ed4184","hash":"a3304d96c44e6b74f294b5078f2a2624fe178905"}
,"/home/nineleaps/Documents/react-native/stock-market-app/StockMarket/src/containers/PriceContainer.tsx": {"path":"/home/nineleaps/Documents/react-native/stock-market-app/StockMarket/src/containers/PriceContainer.tsx","statementMap":{"0":{"start":{"line":12,"column":8},"end":{"line":12,"column":21}},"1":{"start":{"line":13,"column":8},"end":{"line":15,"column":10}},"2":{"start":{"line":19,"column":8},"end":{"line":40,"column":10}},"3":{"start":{"line":23,"column":43},"end":{"line":23,"column":64}},"4":{"start":{"line":31,"column":39},"end":{"line":31,"column":101}},"5":{"start":{"line":44,"column":15},"end":{"line":58,"column":2}}},"fnMap":{"0":{"name":"(anonymous_0)","decl":{"start":{"line":11,"column":4},"end":{"line":11,"column":5}},"loc":{"start":{"line":11,"column":31},"end":{"line":16,"column":5}},"line":11},"1":{"name":"(anonymous_1)","decl":{"start":{"line":18,"column":4},"end":{"line":18,"column":5}},"loc":{"start":{"line":18,"column":13},"end":{"line":41,"column":5}},"line":18},"2":{"name":"(anonymous_2)","decl":{"start":{"line":23,"column":34},"end":{"line":23,"column":35}},"loc":{"start":{"line":23,"column":43},"end":{"line":23,"column":64}},"line":23},"3":{"name":"(anonymous_3)","decl":{"start":{"line":31,"column":33},"end":{"line":31,"column":34}},"loc":{"start":{"line":31,"column":39},"end":{"line":31,"column":101}},"line":31}},"branchMap":{},"s":{"0":2,"1":2,"2":3,"3":1,"4":0,"5":2},"f":{"0":2,"1":3,"2":1,"3":0},"b":{},"_coverageSchema":"43e27e138ebf9cfc5966b082cf9a028302ed4184","hash":"4c14e914fc17c2f26842e8d0a7161694ec4b6f74"}
,"/home/nineleaps/Documents/react-native/stock-market-app/StockMarket/src/containers/TopPannelConatiner.tsx": {"path":"/home/nineleaps/Documents/react-native/stock-market-app/StockMarket/src/containers/TopPannelConatiner.tsx","statementMap":{"0":{"start":{"line":21,"column":19},"end":{"line":24,"column":5}},"1":{"start":{"line":27,"column":8},"end":{"line":33,"column":15}},"2":{"start":{"line":29,"column":16},"end":{"line":31,"column":19}},"3":{"start":{"line":35,"column":22},"end":{"line":37,"column":10}},"4":{"start":{"line":36,"column":12},"end":{"line":36,"column":27}},"5":{"start":{"line":38,"column":8},"end":{"line":40,"column":11}},"6":{"start":{"line":43,"column":25},"end":{"line":50,"column":5}},"7":{"start":{"line":44,"column":8},"end":{"line":49,"column":11}},"8":{"start":{"line":53,"column":7},"end":{"line":64,"column":10}},"9":{"start":{"line":67,"column":29},"end":{"line":142,"column":5}},"10":{"start":{"line":68,"column":26},"end":{"line":69,"column":105}},"11":{"start":{"line":69,"column":58},"end":{"line":69,"column":104}},"12":{"start":{"line":71,"column":28},"end":{"line":100,"column":9}},"13":{"start":{"line":72,"column":25},"end":{"line":72,"column":94}},"14":{"start":{"line":74,"column":12},"end":{"line":93,"column":13}},"15":{"start":{"line":75,"column":16},"end":{"line":82,"column":19}},"16":{"start":{"line":78,"column":20},"end":{"line":81,"column":21}},"17":{"start":{"line":79,"column":24},"end":{"line":79,"column":43}},"18":{"start":{"line":80,"column":24},"end":{"line":80,"column":31}},"19":{"start":{"line":84,"column":16},"end":{"line":92,"column":19}},"20":{"start":{"line":88,"column":20},"end":{"line":91,"column":21}},"21":{"start":{"line":89,"column":24},"end":{"line":89,"column":43}},"22":{"start":{"line":90,"column":24},"end":{"line":90,"column":31}},"23":{"start":{"line":95,"column":32},"end":{"line":98,"column":14}},"24":{"start":{"line":99,"column":12},"end":{"line":99,"column":56}},"25":{"start":{"line":102,"column":27},"end":{"line":119,"column":9}},"26":{"start":{"line":103,"column":23},"end":{"line":103,"column":92}},"27":{"start":{"line":105,"column":12},"end":{"line":112,"column":13}},"28":{"start":{"line":106,"column":16},"end":{"line":111,"column":19}},"29":{"start":{"line":107,"column":20},"end":{"line":110,"column":21}},"30":{"start":{"line":108,"column":24},"end":{"line":108,"column":43}},"31":{"start":{"line":109,"column":24},"end":{"line":109,"column":31}},"32":{"start":{"line":114,"column":32},"end":{"line":117,"column":14}},"33":{"start":{"line":118,"column":12},"end":{"line":118,"column":56}},"34":{"start":{"line":121,"column":32},"end":{"line":125,"column":9}},"35":{"start":{"line":121,"column":38},"end":{"line":125,"column":9}},"36":{"start":{"line":127,"column":8},"end":{"line":141,"column":10}},"37":{"start":{"line":144,"column":27},"end":{"line":152,"column":5}},"38":{"start":{"line":145,"column":8},"end":{"line":151,"column":10}},"39":{"start":{"line":154,"column":27},"end":{"line":154,"column":73}},"40":{"start":{"line":154,"column":57},"end":{"line":154,"column":73}},"41":{"start":{"line":157,"column":15},"end":{"line":196,"column":2}}},"fnMap":{"0":{"name":"(anonymous_0)","decl":{"start":{"line":26,"column":4},"end":{"line":26,"column":5}},"loc":{"start":{"line":26,"column":31},"end":{"line":41,"column":5}},"line":26},"1":{"name":"(anonymous_1)","decl":{"start":{"line":28,"column":18},"end":{"line":28,"column":19}},"loc":{"start":{"line":28,"column":27},"end":{"line":33,"column":13}},"line":28},"2":{"name":"(anonymous_2)","decl":{"start":{"line":35,"column":55},"end":{"line":35,"column":56}},"loc":{"start":{"line":35,"column":65},"end":{"line":37,"column":9}},"line":35},"3":{"name":"(anonymous_3)","decl":{"start":{"line":43,"column":25},"end":{"line":43,"column":26}},"loc":{"start":{"line":43,"column":112},"end":{"line":50,"column":5}},"line":43},"4":{"name":"(anonymous_4)","decl":{"start":{"line":52,"column":4},"end":{"line":52,"column":5}},"loc":{"start":{"line":52,"column":20},"end":{"line":65,"column":5}},"line":52},"5":{"name":"(anonymous_5)","decl":{"start":{"line":67,"column":29},"end":{"line":67,"column":30}},"loc":{"start":{"line":67,"column":74},"end":{"line":142,"column":5}},"line":67},"6":{"name":"(anonymous_6)","decl":{"start":{"line":69,"column":42},"end":{"line":69,"column":43}},"loc":{"start":{"line":69,"column":58},"end":{"line":69,"column":104}},"line":69},"7":{"name":"(anonymous_7)","decl":{"start":{"line":71,"column":28},"end":{"line":71,"column":29}},"loc":{"start":{"line":71,"column":43},"end":{"line":100,"column":9}},"line":71},"8":{"name":"(anonymous_8)","decl":{"start":{"line":77,"column":19},"end":{"line":77,"column":20}},"loc":{"start":{"line":77,"column":51},"end":{"line":82,"column":17}},"line":77},"9":{"name":"(anonymous_9)","decl":{"start":{"line":87,"column":19},"end":{"line":87,"column":20}},"loc":{"start":{"line":87,"column":51},"end":{"line":92,"column":17}},"line":87},"10":{"name":"(anonymous_10)","decl":{"start":{"line":102,"column":27},"end":{"line":102,"column":28}},"loc":{"start":{"line":102,"column":33},"end":{"line":119,"column":9}},"line":102},"11":{"name":"(anonymous_11)","decl":{"start":{"line":106,"column":59},"end":{"line":106,"column":60}},"loc":{"start":{"line":106,"column":98},"end":{"line":111,"column":17}},"line":106},"12":{"name":"(anonymous_12)","decl":{"start":{"line":121,"column":32},"end":{"line":121,"column":33}},"loc":{"start":{"line":121,"column":38},"end":{"line":125,"column":9}},"line":121},"13":{"name":"(anonymous_13)","decl":{"start":{"line":144,"column":27},"end":{"line":144,"column":28}},"loc":{"start":{"line":144,"column":33},"end":{"line":152,"column":5}},"line":144},"14":{"name":"(anonymous_14)","decl":{"start":{"line":154,"column":27},"end":{"line":154,"column":28}},"loc":{"start":{"line":154,"column":57},"end":{"line":154,"column":73}},"line":154}},"branchMap":{"0":{"loc":{"start":{"line":74,"column":12},"end":{"line":93,"column":13}},"type":"if","locations":[{"start":{"line":74,"column":12},"end":{"line":93,"column":13}},{"start":{"line":74,"column":12},"end":{"line":93,"column":13}}],"line":74},"1":{"loc":{"start":{"line":78,"column":20},"end":{"line":81,"column":21}},"type":"if","locations":[{"start":{"line":78,"column":20},"end":{"line":81,"column":21}},{"start":{"line":78,"column":20},"end":{"line":81,"column":21}}],"line":78},"2":{"loc":{"start":{"line":88,"column":20},"end":{"line":91,"column":21}},"type":"if","locations":[{"start":{"line":88,"column":20},"end":{"line":91,"column":21}},{"start":{"line":88,"column":20},"end":{"line":91,"column":21}}],"line":88},"3":{"loc":{"start":{"line":105,"column":12},"end":{"line":112,"column":13}},"type":"if","locations":[{"start":{"line":105,"column":12},"end":{"line":112,"column":13}},{"start":{"line":105,"column":12},"end":{"line":112,"column":13}}],"line":105},"4":{"loc":{"start":{"line":107,"column":20},"end":{"line":110,"column":21}},"type":"if","locations":[{"start":{"line":107,"column":20},"end":{"line":110,"column":21}},{"start":{"line":107,"column":20},"end":{"line":110,"column":21}}],"line":107},"5":{"loc":{"start":{"line":123,"column":12},"end":{"line":123,"column":47}},"type":"binary-expr","locations":[{"start":{"line":123,"column":12},"end":{"line":123,"column":21}},{"start":{"line":123,"column":25},"end":{"line":123,"column":47}}],"line":123},"6":{"loc":{"start":{"line":134,"column":24},"end":{"line":137,"column":31}},"type":"binary-expr","locations":[{"start":{"line":134,"column":24},"end":{"line":134,"column":33}},{"start":{"line":135,"column":24},"end":{"line":137,"column":31}}],"line":134}},"s":{"0":2,"1":2,"2":0,"3":2,"4":60,"5":2,"6":2,"7":0,"8":4,"9":2,"10":60,"11":0,"12":60,"13":0,"14":0,"15":0,"16":0,"17":0,"18":0,"19":0,"20":0,"21":0,"22":0,"23":0,"24":0,"25":60,"26":0,"27":0,"28":0,"29":0,"30":0,"31":0,"32":0,"33":0,"34":60,"35":0,"36":60,"37":2,"38":3,"39":2,"40":60,"41":2},"f":{"0":2,"1":0,"2":60,"3":0,"4":4,"5":60,"6":0,"7":0,"8":0,"9":0,"10":0,"11":0,"12":0,"13":3,"14":60},"b":{"0":[0,0],"1":[0,0],"2":[0,0],"3":[0,0],"4":[0,0],"5":[0,0],"6":[60,0]},"_coverageSchema":"43e27e138ebf9cfc5966b082cf9a028302ed4184","hash":"8f115d8ed8d37417e66ae8255e7793d80453bbec"}
,"/home/nineleaps/Documents/react-native/stock-market-app/StockMarket/src/navigation/routes.ts": {"path":"/home/nineleaps/Documents/react-native/stock-market-app/StockMarket/src/navigation/routes.ts","statementMap":{"0":{"start":{"line":1,"column":26},"end":{"line":9,"column":1}}},"fnMap":{},"branchMap":{},"s":{"0":3},"f":{},"b":{},"_coverageSchema":"43e27e138ebf9cfc5966b082cf9a028302ed4184","hash":"260b771120ad2068f17e0f9629c658bb5418c452"}
,"/home/nineleaps/Documents/react-native/stock-market-app/StockMarket/src/screens/HomeScreen.tsx": {"path":"/home/nineleaps/Documents/react-native/stock-market-app/StockMarket/src/screens/HomeScreen.tsx","statementMap":{"0":{"start":{"line":13,"column":41},"end":{"line":15,"column":5}},"1":{"start":{"line":18,"column":8},"end":{"line":23,"column":10}}},"fnMap":{"0":{"name":"(anonymous_0)","decl":{"start":{"line":17,"column":4},"end":{"line":17,"column":5}},"loc":{"start":{"line":17,"column":20},"end":{"line":24,"column":5}},"line":17}},"branchMap":{},"s":{"0":1,"1":1},"f":{"0":1},"b":{},"_coverageSchema":"43e27e138ebf9cfc5966b082cf9a028302ed4184","hash":"1737eecb690576e372b16c089be55a25c0b9c109"}
,"/home/nineleaps/Documents/react-native/stock-market-app/StockMarket/src/screens/SplashScreen.tsx": {"path":"/home/nineleaps/Documents/react-native/stock-market-app/StockMarket/src/screens/SplashScreen.tsx","statementMap":{"0":{"start":{"line":12,"column":8},"end":{"line":14,"column":17}},"1":{"start":{"line":13,"column":12},"end":{"line":13,"column":59}},"2":{"start":{"line":19,"column":8},"end":{"line":23,"column":10}},"3":{"start":{"line":27,"column":15},"end":{"line":38,"column":2}}},"fnMap":{"0":{"name":"(anonymous_0)","decl":{"start":{"line":11,"column":4},"end":{"line":11,"column":5}},"loc":{"start":{"line":11,"column":31},"end":{"line":15,"column":5}},"line":11},"1":{"name":"(anonymous_1)","decl":{"start":{"line":12,"column":19},"end":{"line":12,"column":20}},"loc":{"start":{"line":12,"column":25},"end":{"line":14,"column":9}},"line":12},"2":{"name":"(anonymous_2)","decl":{"start":{"line":18,"column":4},"end":{"line":18,"column":5}},"loc":{"start":{"line":18,"column":20},"end":{"line":24,"column":5}},"line":18}},"branchMap":{},"s":{"0":1,"1":1,"2":1,"3":1},"f":{"0":1,"1":1,"2":1},"b":{},"_coverageSchema":"43e27e138ebf9cfc5966b082cf9a028302ed4184","hash":"9fe1f0eb647594b0d40228507de984501f3051c4"}
,"/home/nineleaps/Documents/react-native/stock-market-app/StockMarket/src/screens/StockPriceScreen.tsx": {"path":"/home/nineleaps/Documents/react-native/stock-market-app/StockMarket/src/screens/StockPriceScreen.tsx","statementMap":{"0":{"start":{"line":11,"column":41},"end":{"line":13,"column":5}},"1":{"start":{"line":16,"column":8},"end":{"line":20,"column":10}},"2":{"start":{"line":24,"column":15},"end":{"line":30,"column":2}}},"fnMap":{"0":{"name":"(anonymous_0)","decl":{"start":{"line":15,"column":4},"end":{"line":15,"column":5}},"loc":{"start":{"line":15,"column":20},"end":{"line":21,"column":5}},"line":15}},"branchMap":{},"s":{"0":1,"1":1,"2":1},"f":{"0":1},"b":{},"_coverageSchema":"43e27e138ebf9cfc5966b082cf9a028302ed4184","hash":"bfb24cc6b5a42afab55cc1ecf9805bcdb43673cc"}
}
